<?xml version="1.0" encoding="UTF-8"?>
<!-- Generated by org.testng.reporters.JUnitReportReporter -->
<testsuite hostname="SIPL92" failures="0" tests="1" name="na_TestScenarios.Scenario3" time="64.683" errors="0" timestamp="2022-08-10T15:59:33 IST" skipped="0">
  <testcase classname="na_TestScenarios.Scenario3" name="searchByPUID" time="64.683"/>
  <system-out/>
</testsuite> <!-- na_TestScenarios.Scenario3 -->
