<?xml version="1.0" encoding="UTF-8"?>
<!-- Generated by org.testng.reporters.JUnitReportReporter -->
<testsuite hostname="SIPL92" failures="0" tests="1" name="na_TestScenarios.Scenario2" time="3.744" errors="0" timestamp="2022-08-18T12:32:32 IST" skipped="0">
  <testcase classname="na_TestScenarios.Scenario2" name="getTotalJobs" time="3.744"/>
  <system-out/>
</testsuite> <!-- na_TestScenarios.Scenario2 -->
