<?xml version="1.0" encoding="UTF-8"?>
<!-- Generated by org.testng.reporters.JUnitReportReporter -->
<testsuite hostname="SIPL92" failures="0" tests="1" name="na_TestScenarios.Scenario3" time="37.786" errors="0" timestamp="2022-08-18T12:32:32 IST" skipped="0">
  <testcase classname="na_TestScenarios.Scenario3" name="searchByPUID" time="37.786"/>
  <system-out/>
</testsuite> <!-- na_TestScenarios.Scenario3 -->
