<?xml version="1.0" encoding="UTF-8"?>
<!-- Generated by org.testng.reporters.JUnitReportReporter -->
<testsuite hostname="SIPL92" failures="0" tests="1" name="na_TestScenarios.Scenario3" time="36.974" errors="0" timestamp="2022-08-16T18:02:26 IST" skipped="0">
  <testcase classname="na_TestScenarios.Scenario3" name="searchByPUID" time="36.974"/>
  <system-out/>
</testsuite> <!-- na_TestScenarios.Scenario3 -->
